<?xml version="1.0" encoding="UTF-8"?>
<testng-results skipped="0" failed="0" total="2" passed="2">
  <reporter-output>
  </reporter-output>
  <suite name="Default suite" duration-ms="48704" started-at="2022-04-01T03:45:59Z" finished-at="2022-04-01T03:46:47Z">
    <groups>
    </groups>
    <test name="Default test" duration-ms="48704" started-at="2022-04-01T03:45:59Z" finished-at="2022-04-01T03:46:47Z">
      <class name="git.Git">
        <test-method status="PASS" signature="tc01()[pri:0, instance:git.Git@13969fbe]" name="tc01" duration-ms="48273" started-at="2022-04-01T09:15:59Z" finished-at="2022-04-01T09:16:47Z">
          <reporter-output>
          </reporter-output>
        </test-method> <!-- tc01 -->
        <test-method status="PASS" signature="tc02()[pri:0, instance:git.Git@13969fbe]" name="tc02" duration-ms="340" started-at="2022-04-01T09:16:47Z" finished-at="2022-04-01T09:16:47Z">
          <reporter-output>
          </reporter-output>
        </test-method> <!-- tc02 -->
      </class> <!-- git.Git -->
    </test> <!-- Default test -->
  </suite> <!-- Default suite -->
</testng-results>
